2025-07-27 13:48:09.379 [HAN_YI] INFO  edu.HanYi.HanYiApplication - Starting HanYiApplication using Java 23.0.1 with PID 18476 (C:\Users\mayia\IdeaProjects\HanYi\target\classes started by mayia in C:\Users\mayia\IdeaProjects\HanYi)
2025-07-27 13:48:09.380 [HAN_YI] DEBUG edu.HanYi.HanYiApplication - Running with Spring Boot v3.5.3, Spring v6.2.8
2025-07-27 13:48:09.381 [HAN_YI] INFO  edu.HanYi.HanYiApplication - No active profile set, falling back to 1 default profile: "default"
2025-07-27 13:48:16.707 [HAN_YI] DEBUG e.H.security.JwtAuthenticationFilter - Filter 'jwtAuthenticationFilter' configured for use
2025-07-27 13:48:18.799 [HAN_YI] INFO  edu.HanYi.HanYiApplication - Started HanYiApplication in 10.349 seconds (process running for 11.557)
2025-07-27 13:48:19.498 [HAN_YI] INFO  e.H.security.JwtAuthenticationFilter - Processing request to: /home
2025-07-27 13:48:19.508 [HAN_YI] DEBUG e.H.security.JwtAuthenticationFilter - Extracted JWT from cookie: null
2025-07-27 13:48:20.507 [HAN_YI] INFO  e.H.security.JwtAuthenticationFilter - Processing request to: /bootstrap/css/bootstrap.css
2025-07-27 13:48:20.508 [HAN_YI] DEBUG e.H.security.JwtAuthenticationFilter - Extracted JWT from cookie: null
2025-07-27 13:48:20.507 [HAN_YI] INFO  e.H.security.JwtAuthenticationFilter - Processing request to: /fonts/font-awesome/css/font-awesome.css
2025-07-27 13:48:20.509 [HAN_YI] DEBUG e.H.security.JwtAuthenticationFilter - Extracted JWT from cookie: null
2025-07-27 13:48:20.515 [HAN_YI] INFO  e.H.security.JwtAuthenticationFilter - Processing request to: /css/custom.css
2025-07-27 13:48:20.515 [HAN_YI] INFO  e.H.security.JwtAuthenticationFilter - Processing request to: /plugins/jquery.min.js
2025-07-27 13:48:20.515 [HAN_YI] DEBUG e.H.security.JwtAuthenticationFilter - Extracted JWT from cookie: null
2025-07-27 13:48:20.515 [HAN_YI] DEBUG e.H.security.JwtAuthenticationFilter - Extracted JWT from cookie: null
2025-07-27 13:48:20.524 [HAN_YI] INFO  e.H.security.JwtAuthenticationFilter - Processing request to: /css/animations.css
2025-07-27 13:48:20.525 [HAN_YI] DEBUG e.H.security.JwtAuthenticationFilter - Extracted JWT from cookie: null
2025-07-27 13:48:20.525 [HAN_YI] INFO  e.H.security.JwtAuthenticationFilter - Processing request to: /css/style.css
2025-07-27 13:48:20.525 [HAN_YI] DEBUG e.H.security.JwtAuthenticationFilter - Extracted JWT from cookie: null
2025-07-27 13:48:20.546 [HAN_YI] INFO  e.H.security.JwtAuthenticationFilter - Processing request to: /images/logo.png
2025-07-27 13:48:20.546 [HAN_YI] DEBUG e.H.security.JwtAuthenticationFilter - Extracted JWT from cookie: null
2025-07-27 13:48:20.554 [HAN_YI] INFO  e.H.security.JwtAuthenticationFilter - Processing request to: /icons/shu.png
2025-07-27 13:48:20.554 [HAN_YI] DEBUG e.H.security.JwtAuthenticationFilter - Extracted JWT from cookie: null
2025-07-27 13:48:20.557 [HAN_YI] INFO  e.H.security.JwtAuthenticationFilter - Processing request to: /icons/lamp.png
2025-07-27 13:48:20.558 [HAN_YI] DEBUG e.H.security.JwtAuthenticationFilter - Extracted JWT from cookie: null
2025-07-27 13:48:20.575 [HAN_YI] INFO  e.H.security.JwtAuthenticationFilter - Processing request to: /icons/calligraphy.png
2025-07-27 13:48:20.575 [HAN_YI] DEBUG e.H.security.JwtAuthenticationFilter - Extracted JWT from cookie: null
2025-07-27 13:48:20.575 [HAN_YI] INFO  e.H.security.JwtAuthenticationFilter - Processing request to: /icons/qian.png
2025-07-27 13:48:20.576 [HAN_YI] DEBUG e.H.security.JwtAuthenticationFilter - Extracted JWT from cookie: null
2025-07-27 13:48:20.577 [HAN_YI] INFO  e.H.security.JwtAuthenticationFilter - Processing request to: /plugins/modernizr.js
2025-07-27 13:48:20.577 [HAN_YI] DEBUG e.H.security.JwtAuthenticationFilter - Extracted JWT from cookie: null
2025-07-27 13:48:20.578 [HAN_YI] INFO  e.H.security.JwtAuthenticationFilter - Processing request to: /plugins/isotope/isotope.pkgd.min.js
2025-07-27 13:48:20.578 [HAN_YI] DEBUG e.H.security.JwtAuthenticationFilter - Extracted JWT from cookie: null
2025-07-27 13:48:20.583 [HAN_YI] INFO  e.H.security.JwtAuthenticationFilter - Processing request to: /plugins/jquery.backstretch.min.js
2025-07-27 13:48:20.584 [HAN_YI] DEBUG e.H.security.JwtAuthenticationFilter - Extracted JWT from cookie: null
2025-07-27 13:48:20.584 [HAN_YI] INFO  e.H.security.JwtAuthenticationFilter - Processing request to: /bootstrap/js/bootstrap.min.js
2025-07-27 13:48:20.584 [HAN_YI] DEBUG e.H.security.JwtAuthenticationFilter - Extracted JWT from cookie: null
2025-07-27 13:48:20.586 [HAN_YI] INFO  e.H.security.JwtAuthenticationFilter - Processing request to: /plugins/jquery.appear.js
2025-07-27 13:48:20.586 [HAN_YI] DEBUG e.H.security.JwtAuthenticationFilter - Extracted JWT from cookie: null
2025-07-27 13:48:20.594 [HAN_YI] INFO  e.H.security.JwtAuthenticationFilter - Processing request to: /icons/long.png
2025-07-27 13:48:20.595 [HAN_YI] DEBUG e.H.security.JwtAuthenticationFilter - Extracted JWT from cookie: null
2025-07-27 13:48:20.594 [HAN_YI] INFO  e.H.security.JwtAuthenticationFilter - Processing request to: /js/custom.js
2025-07-27 13:48:20.595 [HAN_YI] DEBUG e.H.security.JwtAuthenticationFilter - Extracted JWT from cookie: null
2025-07-27 13:48:20.601 [HAN_YI] INFO  e.H.security.JwtAuthenticationFilter - Processing request to: /images/section-image-1.png
2025-07-27 13:48:20.607 [HAN_YI] INFO  e.H.security.JwtAuthenticationFilter - Processing request to: /icons/xiazai.png
2025-07-27 13:48:20.607 [HAN_YI] DEBUG e.H.security.JwtAuthenticationFilter - Extracted JWT from cookie: null
2025-07-27 13:48:20.607 [HAN_YI] DEBUG e.H.security.JwtAuthenticationFilter - Extracted JWT from cookie: null
2025-07-27 13:48:20.608 [HAN_YI] INFO  e.H.security.JwtAuthenticationFilter - Processing request to: /images/icon1.png
2025-07-27 13:48:20.609 [HAN_YI] DEBUG e.H.security.JwtAuthenticationFilter - Extracted JWT from cookie: null
2025-07-27 13:48:20.723 [HAN_YI] INFO  e.H.security.JwtAuthenticationFilter - Processing request to: /images/section_img2.png
2025-07-27 13:48:20.723 [HAN_YI] DEBUG e.H.security.JwtAuthenticationFilter - Extracted JWT from cookie: null
2025-07-27 13:48:20.778 [HAN_YI] INFO  e.H.security.JwtAuthenticationFilter - Processing request to: /css/animate.css
2025-07-27 13:48:20.778 [HAN_YI] INFO  e.H.security.JwtAuthenticationFilter - Processing request to: /images/hsk3.jpg
2025-07-27 13:48:20.778 [HAN_YI] DEBUG e.H.security.JwtAuthenticationFilter - Extracted JWT from cookie: null
2025-07-27 13:48:20.778 [HAN_YI] DEBUG e.H.security.JwtAuthenticationFilter - Extracted JWT from cookie: null
2025-07-27 13:48:20.789 [HAN_YI] INFO  e.H.security.JwtAuthenticationFilter - Processing request to: /images/hsk4.png
2025-07-27 13:48:20.791 [HAN_YI] INFO  e.H.security.JwtAuthenticationFilter - Processing request to: /images/hsk1.jpg
2025-07-27 13:48:20.791 [HAN_YI] INFO  e.H.security.JwtAuthenticationFilter - Processing request to: /images/hsk2.jpg
2025-07-27 13:48:20.792 [HAN_YI] DEBUG e.H.security.JwtAuthenticationFilter - Extracted JWT from cookie: null
2025-07-27 13:48:20.792 [HAN_YI] DEBUG e.H.security.JwtAuthenticationFilter - Extracted JWT from cookie: null
2025-07-27 13:48:20.792 [HAN_YI] INFO  e.H.security.JwtAuthenticationFilter - Processing request to: /images/hsk5.jpg
2025-07-27 13:48:20.792 [HAN_YI] DEBUG e.H.security.JwtAuthenticationFilter - Extracted JWT from cookie: null
2025-07-27 13:48:20.790 [HAN_YI] DEBUG e.H.security.JwtAuthenticationFilter - Extracted JWT from cookie: null
2025-07-27 13:48:20.813 [HAN_YI] INFO  e.H.security.JwtAuthenticationFilter - Processing request to: /images/speaking_club.png
2025-07-27 13:48:20.813 [HAN_YI] INFO  e.H.security.JwtAuthenticationFilter - Processing request to: /images/hsk6.png
2025-07-27 13:48:20.813 [HAN_YI] DEBUG e.H.security.JwtAuthenticationFilter - Extracted JWT from cookie: null
2025-07-27 13:48:20.815 [HAN_YI] INFO  e.H.security.JwtAuthenticationFilter - Processing request to: /images/hskk.png
2025-07-27 13:48:20.815 [HAN_YI] DEBUG e.H.security.JwtAuthenticationFilter - Extracted JWT from cookie: null
2025-07-27 13:48:20.815 [HAN_YI] INFO  e.H.security.JwtAuthenticationFilter - Processing request to: /images/hsk1Express.png
2025-07-27 13:48:20.816 [HAN_YI] DEBUG e.H.security.JwtAuthenticationFilter - Extracted JWT from cookie: null
2025-07-27 13:48:20.814 [HAN_YI] DEBUG e.H.security.JwtAuthenticationFilter - Extracted JWT from cookie: null
2025-07-27 13:48:20.832 [HAN_YI] INFO  e.H.security.JwtAuthenticationFilter - Processing request to: /images/hsk3Express.png
2025-07-27 13:48:20.832 [HAN_YI] DEBUG e.H.security.JwtAuthenticationFilter - Extracted JWT from cookie: null
2025-07-27 13:48:20.840 [HAN_YI] INFO  e.H.security.JwtAuthenticationFilter - Processing request to: /images/hsk4Express.png
2025-07-27 13:48:20.840 [HAN_YI] DEBUG e.H.security.JwtAuthenticationFilter - Extracted JWT from cookie: null
2025-07-27 13:48:20.853 [HAN_YI] INFO  e.H.security.JwtAuthenticationFilter - Processing request to: /images/hsk2Express.png
2025-07-27 13:48:20.853 [HAN_YI] DEBUG e.H.security.JwtAuthenticationFilter - Extracted JWT from cookie: null
2025-07-27 13:48:20.872 [HAN_YI] INFO  e.H.security.JwtAuthenticationFilter - Processing request to: /icons/telegram.png
2025-07-27 13:48:20.873 [HAN_YI] DEBUG e.H.security.JwtAuthenticationFilter - Extracted JWT from cookie: null
2025-07-27 13:48:20.880 [HAN_YI] INFO  e.H.security.JwtAuthenticationFilter - Processing request to: /images/divider.png
2025-07-27 13:48:20.880 [HAN_YI] DEBUG e.H.security.JwtAuthenticationFilter - Extracted JWT from cookie: null
2025-07-27 13:48:20.889 [HAN_YI] INFO  e.H.security.JwtAuthenticationFilter - Processing request to: /css/templates/images/banner.jpg
2025-07-27 13:48:20.890 [HAN_YI] DEBUG e.H.security.JwtAuthenticationFilter - Extracted JWT from cookie: null
2025-07-27 13:48:21.143 [HAN_YI] INFO  e.H.security.JwtAuthenticationFilter - Processing request to: /images/favicon.ico
2025-07-27 13:48:21.143 [HAN_YI] DEBUG e.H.security.JwtAuthenticationFilter - Extracted JWT from cookie: null
